[debug] [2025-03-22T02:45:16.261Z] ----------------------------------------------------------------------
[debug] [2025-03-22T02:45:16.262Z] Command:       /usr/local/bin/node /usr/local/bin/firebase init
[debug] [2025-03-22T02:45:16.263Z] CLI Version:   13.35.1
[debug] [2025-03-22T02:45:16.263Z] Platform:      darwin
[debug] [2025-03-22T02:45:16.263Z] Node Version:  v22.14.0
[debug] [2025-03-22T02:45:16.263Z] Time:          Fri Mar 21 2025 22:45:16 GMT-0400 (Eastern Daylight Time)
[debug] [2025-03-22T02:45:16.263Z] ----------------------------------------------------------------------
[debug] 
[debug] [2025-03-22T02:45:16.268Z] > command requires scopes: ["email","openid","https://www.googleapis.com/auth/cloudplatformprojects.readonly","https://www.googleapis.com/auth/firebase","https://www.googleapis.com/auth/cloud-platform"]
[debug] [2025-03-22T02:45:16.268Z] > authorizing via signed-in user (lukoseacsah@gmail.com)
[info] 
     ######## #### ########  ######## ########     ###     ######  ########
     ##        ##  ##     ## ##       ##     ##  ##   ##  ##       ##
     ######    ##  ########  ######   ########  #########  ######  ######
     ##        ##  ##    ##  ##       ##     ## ##     ##       ## ##
     ##       #### ##     ## ######## ########  ##     ##  ######  ########

You're about to initialize a Firebase project in this directory:

  /Users/acsah/Desktop/Bible-Tracker

[info] 
=== Project Setup
[info] 
[info] First, let's associate this project directory with a Firebase project.
[info] You can create multiple project aliases by running firebase use --add, 
[info] but for now we'll just set up a default project.
[info] 
[info] i  If you want to create a project in a Google Cloud organization or folder, please use "firebase projects:create" instead, and return to this command when you've created the project. 
[debug] [2025-03-22T02:45:49.881Z] Checked if tokens are valid: true, expires at: 1742615079959
[debug] [2025-03-22T02:45:49.881Z] Checked if tokens are valid: true, expires at: 1742615079959
[debug] [2025-03-22T02:45:49.883Z] >>> [apiv2][query] POST https://cloudresourcemanager.googleapis.com/v1/projects [none]
[debug] [2025-03-22T02:45:49.884Z] >>> [apiv2][body] POST https://cloudresourcemanager.googleapis.com/v1/projects {"projectId":"bible-study-deploy","name":"bible-study-tracker"}
[debug] [2025-03-22T02:45:50.536Z] <<< [apiv2][status] POST https://cloudresourcemanager.googleapis.com/v1/projects 200
[debug] [2025-03-22T02:45:50.536Z] <<< [apiv2][body] POST https://cloudresourcemanager.googleapis.com/v1/projects {"name":"operations/create_project.global.5931408013372515718"}
[debug] [2025-03-22T02:45:50.537Z] Checked if tokens are valid: true, expires at: 1742615079959
[debug] [2025-03-22T02:45:50.537Z] Checked if tokens are valid: true, expires at: 1742615079959
[debug] [2025-03-22T02:45:50.538Z] >>> [apiv2][query] GET https://cloudresourcemanager.googleapis.com/v1/operations/create_project.global.5931408013372515718 [none]
[debug] [2025-03-22T02:45:50.714Z] <<< [apiv2][status] GET https://cloudresourcemanager.googleapis.com/v1/operations/create_project.global.5931408013372515718 200
[debug] [2025-03-22T02:45:50.714Z] <<< [apiv2][body] GET https://cloudresourcemanager.googleapis.com/v1/operations/create_project.global.5931408013372515718 {"name":"operations/create_project.global.5931408013372515718","metadata":{"@type":"type.googleapis.com/google.cloudresourcemanager.v1.ProjectCreationStatus","ready":true},"done":true,"error":{"code":9,"message":"Callers must accept Terms of Service","details":[{"@type":"type.googleapis.com/google.rpc.PreconditionFailure","violations":[{"type":"TOS","subject":"cloud","description":"Callers must accept Terms of Service"}]}]}}
[debug] [2025-03-22T02:45:50.958Z] FirebaseError: Callers must accept Terms of Service
    at OperationPoller.poll (/usr/local/lib/node_modules/firebase-tools/lib/operation-poller.js:24:19)
    at process.processTicksAndRejections (node:internal/process/task_queues:105:5)
    at async createCloudProject (/usr/local/lib/node_modules/firebase-tools/lib/management/projects.js:213:29)
    at async createFirebaseProjectAndLog (/usr/local/lib/node_modules/firebase-tools/lib/management/projects.js:71:9)
    at async promptAndCreateNewProject (/usr/local/lib/node_modules/firebase-tools/lib/init/features/project.js:32:12)
    at async doSetup (/usr/local/lib/node_modules/firebase-tools/lib/init/features/project.js:89:27)
    at async init (/usr/local/lib/node_modules/firebase-tools/lib/init/index.js:41:9)
[error] 
[error] Error: Failed to create project. See firebase-debug.log for more info.
